<?xml version="1.0" encoding="UTF-8"?>
<robot generator="Robot 7.3.2 (Python 3.14.0 on win32)" generated="2025-11-24T11:13:03.624390" rpa="false" schemaversion="5">
<suite id="s1" name="Demoblaze Tests" source="C:\Users\Mikhail\Downloads\Soft_testing_ass2\Soft_test_assignment_2\testcases\demoblaze_tests.robot">
<kw name="Setup Browser" owner="keywords" type="SETUP">
<if>
<branch type="IF" condition="'${RUN_ENV}' == 'browserstack'">
<kw name="Open Browser On BrowserStack" owner="keywords">
<kw name="Evaluate" owner="BuiltIn">
<msg time="2025-11-24T11:13:03.809969" level="INFO">${caps} = &lt;selenium.webdriver.chrome.options.Options object at 0x000001384DE6DA90&gt;</msg>
<var>${caps}</var>
<arg>sys.modules['selenium.webdriver'].ChromeOptions()</arg>
<arg>sys, selenium.webdriver</arg>
<doc>Evaluates the given expression in Python and returns the result.</doc>
<status status="PASS" start="2025-11-24T11:13:03.809672" elapsed="0.000337"/>
</kw>
<kw name="Call Method" owner="BuiltIn">
<arg>${caps}</arg>
<arg>set_capability</arg>
<arg>browserName</arg>
<arg>${BROWSER}</arg>
<doc>Calls the named method of the given object with the provided arguments.</doc>
<status status="PASS" start="2025-11-24T11:13:03.810139" elapsed="0.000146"/>
</kw>
<kw name="Call Method" owner="BuiltIn">
<arg>${caps}</arg>
<arg>set_capability</arg>
<arg>os</arg>
<arg>Windows</arg>
<doc>Calls the named method of the given object with the provided arguments.</doc>
<status status="PASS" start="2025-11-24T11:13:03.810386" elapsed="0.000103"/>
</kw>
<kw name="Call Method" owner="BuiltIn">
<arg>${caps}</arg>
<arg>set_capability</arg>
<arg>osVersion</arg>
<arg>11</arg>
<doc>Calls the named method of the given object with the provided arguments.</doc>
<status status="PASS" start="2025-11-24T11:13:03.810571" elapsed="0.000095"/>
</kw>
<kw name="Call Method" owner="BuiltIn">
<arg>${caps}</arg>
<arg>set_capability</arg>
<arg>name</arg>
<arg>Demoblaze Tests</arg>
<doc>Calls the named method of the given object with the provided arguments.</doc>
<status status="PASS" start="2025-11-24T11:13:03.810745" elapsed="0.000093"/>
</kw>
<kw name="Open Browser" owner="SeleniumLibrary">
<msg time="2025-11-24T11:13:03.811205" level="INFO">Opening browser 'firefox' to base url 'https://www.demoblaze.com/' through remote server at 'https://bsuser_H3lukh:okK2WcVVHbeJxoUEFKSQ@hub-cloud.browserstack.com/wd/hub'.</msg>
<msg time="2025-11-24T11:13:27.576171" level="INFO">C:\Users\Mikhail\Downloads\Soft_testing_ass2\Soft_test_assignment_2\venv\Lib\site-packages\selenium\webdriver\remote\remote_connection.py:421: UserWarning: Embedding username and password in URL could be insecure, use ClientConfig instead
  headers = self.get_remote_connection_headers(parsed_url, self._client_config.keep_alive)</msg>
<arg>${URL}</arg>
<arg>remote_url=${BROWSERSTACK_URL}</arg>
<arg>options=${caps}</arg>
<doc>Opens a new browser instance to the optional ``url``.</doc>
<status status="PASS" start="2025-11-24T11:13:03.810943" elapsed="23.765783"/>
</kw>
<kw name="Maximize Browser Window" owner="SeleniumLibrary">
<doc>Maximizes current browser window.</doc>
<status status="PASS" start="2025-11-24T11:13:27.577181" elapsed="0.623351"/>
</kw>
<status status="PASS" start="2025-11-24T11:13:03.809072" elapsed="24.391831"/>
</kw>
<status status="PASS" start="2025-11-24T11:13:03.808718" elapsed="24.392305"/>
</branch>
<branch type="ELSE">
<kw name="Open Browser Locally" owner="keywords">
<status status="NOT RUN" start="2025-11-24T11:13:28.201618" elapsed="0.000104"/>
</kw>
<status status="NOT RUN" start="2025-11-24T11:13:28.201167" elapsed="0.000656"/>
</branch>
<status status="PASS" start="2025-11-24T11:13:03.808692" elapsed="24.393230"/>
</if>
<status status="PASS" start="2025-11-24T11:13:03.808526" elapsed="24.393560"/>
</kw>
<test id="s1-t1" name="Sign Up" line="9">
<kw name="Click Element" owner="SeleniumLibrary">
<msg time="2025-11-24T11:13:28.205583" level="INFO">Clicking element 'id=signin2'.</msg>
<arg>id=signin2</arg>
<doc>Click the element identified by ``locator``.</doc>
<status status="PASS" start="2025-11-24T11:13:28.204868" elapsed="0.802695"/>
</kw>
<kw name="Wait Until Element Is Visible" owner="SeleniumLibrary">
<arg>id=sign-username</arg>
<doc>Waits until the element ``locator`` is visible.</doc>
<status status="PASS" start="2025-11-24T11:13:29.008203" elapsed="0.529113"/>
</kw>
<kw name="Input Text" owner="SeleniumLibrary">
<msg time="2025-11-24T11:13:29.538107" level="INFO">Typing text 'dfszxcgvhmlkfbbae' into text field 'id=sign-username'.</msg>
<arg>id=sign-username</arg>
<arg>${USERNAME}</arg>
<doc>Types the given ``text`` into the text field identified by ``locator``.</doc>
<status status="PASS" start="2025-11-24T11:13:29.537799" elapsed="0.999209"/>
</kw>
<kw name="Input Text" owner="SeleniumLibrary">
<msg time="2025-11-24T11:13:30.538819" level="INFO">Typing text '4a325dju9ik0' into text field 'id=sign-password'.</msg>
<arg>id=sign-password</arg>
<arg>${PASSWORD}</arg>
<doc>Types the given ``text`` into the text field identified by ``locator``.</doc>
<status status="PASS" start="2025-11-24T11:13:30.538172" elapsed="0.823458"/>
</kw>
<kw name="Click Element" owner="SeleniumLibrary">
<msg time="2025-11-24T11:13:31.365374" level="INFO">Clicking element 'xpath=//button[text()='Sign up']'.</msg>
<arg>xpath=//button[text()='Sign up']</arg>
<doc>Click the element identified by ``locator``.</doc>
<status status="PASS" start="2025-11-24T11:13:31.364946" elapsed="0.611601"/>
</kw>
<kw name="Sleep" owner="BuiltIn">
<msg time="2025-11-24T11:13:33.981297" level="INFO">Slept 2 seconds.</msg>
<arg>2</arg>
<doc>Pauses the test executed for the given time.</doc>
<status status="PASS" start="2025-11-24T11:13:31.980435" elapsed="2.001111"/>
</kw>
<kw name="Run Keyword And Ignore Error" owner="BuiltIn">
<kw name="Handle Alert" owner="SeleniumLibrary">
<msg time="2025-11-24T11:13:33.983334" level="INFO">HANDLE::&lt;class 'NoneType'&gt;::None</msg>
<arg>action=ACCEPT</arg>
<doc>Handles the current alert and returns its message.</doc>
<status status="PASS" start="2025-11-24T11:13:33.982824" elapsed="0.741156"/>
</kw>
<arg>Handle Alert</arg>
<arg>action=ACCEPT</arg>
<doc>Runs the given keyword with the given arguments and ignores possible error.</doc>
<status status="PASS" start="2025-11-24T11:13:33.982362" elapsed="0.741897"/>
</kw>
<kw name="Sleep" owner="BuiltIn">
<msg time="2025-11-24T11:13:35.725898" level="INFO">Slept 1 second.</msg>
<arg>1s</arg>
<doc>Pauses the test executed for the given time.</doc>
<status status="PASS" start="2025-11-24T11:13:34.724951" elapsed="1.001109"/>
</kw>
<kw name="Run Keyword And Ignore Error" owner="BuiltIn">
<kw name="Click Element" owner="SeleniumLibrary">
<msg time="2025-11-24T11:13:35.727170" level="INFO">Clicking element 'xpath=//div[@id='signInModal']//button[@class='close']'.</msg>
<arg>xpath=//div[@id='signInModal']//button[@class='close']</arg>
<doc>Click the element identified by ``locator``.</doc>
<status status="PASS" start="2025-11-24T11:13:35.726820" elapsed="0.568145"/>
</kw>
<arg>Click Element</arg>
<arg>xpath=//div[@id='signInModal']//button[@class='close']</arg>
<doc>Runs the given keyword with the given arguments and ignores possible error.</doc>
<status status="PASS" start="2025-11-24T11:13:35.726540" elapsed="0.568625"/>
</kw>
<kw name="Wait Until Element Is Not Visible" owner="SeleniumLibrary">
<arg>id=signInModal</arg>
<doc>Waits until the element ``locator`` is not visible.</doc>
<status status="PASS" start="2025-11-24T11:13:36.296059" elapsed="0.517500"/>
</kw>
<status status="PASS" start="2025-11-24T11:13:28.202246" elapsed="8.612269"/>
</test>
<test id="s1-t2" name="Log In" line="22">
<kw name="Click Element" owner="SeleniumLibrary">
<msg time="2025-11-24T11:13:36.817413" level="INFO">Clicking element 'id=login2'.</msg>
<arg>id=login2</arg>
<doc>Click the element identified by ``locator``.</doc>
<status status="PASS" start="2025-11-24T11:13:36.817017" elapsed="0.570983"/>
</kw>
<kw name="Wait Until Element Is Visible" owner="SeleniumLibrary">
<arg>id=loginusername</arg>
<doc>Waits until the element ``locator`` is visible.</doc>
<status status="PASS" start="2025-11-24T11:13:37.388494" elapsed="0.494305"/>
</kw>
<kw name="Input Text" owner="SeleniumLibrary">
<msg time="2025-11-24T11:13:37.884822" level="INFO">Typing text 'dfszxcgvhmlkfbbae' into text field 'id=loginusername'.</msg>
<arg>id=loginusername</arg>
<arg>${USERNAME}</arg>
<doc>Types the given ``text`` into the text field identified by ``locator``.</doc>
<status status="PASS" start="2025-11-24T11:13:37.883967" elapsed="0.722325"/>
</kw>
<kw name="Input Text" owner="SeleniumLibrary">
<msg time="2025-11-24T11:13:38.607498" level="INFO">Typing text '4a325dju9ik0' into text field 'id=loginpassword'.</msg>
<arg>id=loginpassword</arg>
<arg>${PASSWORD}</arg>
<doc>Types the given ``text`` into the text field identified by ``locator``.</doc>
<status status="PASS" start="2025-11-24T11:13:38.606879" elapsed="0.743571"/>
</kw>
<kw name="Click Element" owner="SeleniumLibrary">
<msg time="2025-11-24T11:13:39.351517" level="INFO">Clicking element 'xpath=//button[text()='Log in']'.</msg>
<arg>xpath=//button[text()='Log in']</arg>
<doc>Click the element identified by ``locator``.</doc>
<status status="PASS" start="2025-11-24T11:13:39.351098" elapsed="0.575126"/>
</kw>
<kw name="Sleep" owner="BuiltIn">
<msg time="2025-11-24T11:13:40.928496" level="INFO">Slept 1 second.</msg>
<arg>1s</arg>
<doc>Pauses the test executed for the given time.</doc>
<status status="PASS" start="2025-11-24T11:13:39.927455" elapsed="1.001247"/>
</kw>
<status status="PASS" start="2025-11-24T11:13:36.816165" elapsed="4.113193"/>
</test>
<test id="s1-t3" name="Buy Product" line="31">
<kw name="Wait Until Element Is Visible" owner="SeleniumLibrary">
<arg>xpath=//a[text()='Laptops']</arg>
<doc>Waits until the element ``locator`` is visible.</doc>
<status status="PASS" start="2025-11-24T11:13:40.930758" elapsed="1.679502"/>
</kw>
<kw name="Click Element" owner="SeleniumLibrary">
<msg time="2025-11-24T11:13:42.617972" level="INFO">Clicking element 'xpath=//a[text()='Laptops']'.</msg>
<arg>xpath=//a[text()='Laptops']</arg>
<doc>Click the element identified by ``locator``.</doc>
<status status="PASS" start="2025-11-24T11:13:42.617212" elapsed="0.556283"/>
</kw>
<kw name="Wait Until Element Is Visible" owner="SeleniumLibrary">
<msg time="2025-11-24T11:13:43.705128" level="INFO">Suppressing StaleElementReferenceException from Selenium.</msg>
<arg>xpath=//a[text()='Sony vaio i5']</arg>
<doc>Waits until the element ``locator`` is visible.</doc>
<status status="PASS" start="2025-11-24T11:13:43.176318" elapsed="1.225883"/>
</kw>
<kw name="Click Element" owner="SeleniumLibrary">
<msg time="2025-11-24T11:13:44.404247" level="INFO">Clicking element 'xpath=//a[text()='Sony vaio i5']'.</msg>
<arg>xpath=//a[text()='Sony vaio i5']</arg>
<doc>Click the element identified by ``locator``.</doc>
<status status="PASS" start="2025-11-24T11:13:44.403395" elapsed="1.271372"/>
</kw>
<kw name="Wait Until Element Is Visible" owner="SeleniumLibrary">
<arg>xpath=//a[text()='Add to cart']</arg>
<doc>Waits until the element ``locator`` is visible.</doc>
<status status="PASS" start="2025-11-24T11:13:45.676243" elapsed="0.980024"/>
</kw>
<kw name="Click Element" owner="SeleniumLibrary">
<msg time="2025-11-24T11:13:46.657709" level="INFO">Clicking element 'xpath=//a[text()='Add to cart']'.</msg>
<arg>xpath=//a[text()='Add to cart']</arg>
<doc>Click the element identified by ``locator``.</doc>
<status status="PASS" start="2025-11-24T11:13:46.657173" elapsed="0.572108"/>
</kw>
<kw name="Handle Alert" owner="SeleniumLibrary">
<msg time="2025-11-24T11:13:47.230315" level="INFO">HANDLE::&lt;class 'NoneType'&gt;::None</msg>
<arg>accept</arg>
<doc>Handles the current alert and returns its message.</doc>
<status status="PASS" start="2025-11-24T11:13:47.230037" elapsed="1.489068"/>
</kw>
<kw name="Click Element" owner="SeleniumLibrary">
<msg time="2025-11-24T11:13:48.720544" level="INFO">Clicking element 'id=cartur'.</msg>
<arg>id=cartur</arg>
<doc>Click the element identified by ``locator``.</doc>
<status status="PASS" start="2025-11-24T11:13:48.719942" elapsed="1.351194"/>
</kw>
<kw name="Wait Until Element Is Visible" owner="SeleniumLibrary">
<arg>xpath=//button[text()='Place Order']</arg>
<doc>Waits until the element ``locator`` is visible.</doc>
<status status="PASS" start="2025-11-24T11:13:50.071962" elapsed="0.582234"/>
</kw>
<kw name="Click Element" owner="SeleniumLibrary">
<msg time="2025-11-24T11:13:50.655441" level="INFO">Clicking element 'xpath=//button[text()='Place Order']'.</msg>
<arg>xpath=//button[text()='Place Order']</arg>
<doc>Click the element identified by ``locator``.</doc>
<status status="PASS" start="2025-11-24T11:13:50.655104" elapsed="0.578463"/>
</kw>
<kw name="Wait Until Element Is Visible" owner="SeleniumLibrary">
<arg>id=name</arg>
<arg>timeout=10s</arg>
<doc>Waits until the element ``locator`` is visible.</doc>
<status status="PASS" start="2025-11-24T11:13:51.234689" elapsed="0.529065"/>
</kw>
<kw name="Input Text" owner="SeleniumLibrary">
<msg time="2025-11-24T11:13:51.765078" level="INFO">Typing text 'Test User' into text field 'id=name'.</msg>
<arg>id=name</arg>
<arg>Test User</arg>
<doc>Types the given ``text`` into the text field identified by ``locator``.</doc>
<status status="PASS" start="2025-11-24T11:13:51.764479" elapsed="0.781647"/>
</kw>
<kw name="Input Text" owner="SeleniumLibrary">
<msg time="2025-11-24T11:13:52.547258" level="INFO">Typing text 'TestLand' into text field 'id=country'.</msg>
<arg>id=country</arg>
<arg>TestLand</arg>
<doc>Types the given ``text`` into the text field identified by ``locator``.</doc>
<status status="PASS" start="2025-11-24T11:13:52.546816" elapsed="0.730153"/>
</kw>
<kw name="Input Text" owner="SeleniumLibrary">
<msg time="2025-11-24T11:13:53.280514" level="INFO">Typing text 'TestCity' into text field 'id=city'.</msg>
<arg>id=city</arg>
<arg>TestCity</arg>
<doc>Types the given ``text`` into the text field identified by ``locator``.</doc>
<status status="PASS" start="2025-11-24T11:13:53.280092" elapsed="0.768903"/>
</kw>
<kw name="Input Text" owner="SeleniumLibrary">
<msg time="2025-11-24T11:13:54.051216" level="INFO">Typing text '1234567890123456' into text field 'id=card'.</msg>
<arg>id=card</arg>
<arg>1234567890123456</arg>
<doc>Types the given ``text`` into the text field identified by ``locator``.</doc>
<status status="PASS" start="2025-11-24T11:13:54.050874" elapsed="0.760743"/>
</kw>
<kw name="Input Text" owner="SeleniumLibrary">
<msg time="2025-11-24T11:13:54.813061" level="INFO">Typing text '12' into text field 'id=month'.</msg>
<arg>id=month</arg>
<arg>12</arg>
<doc>Types the given ``text`` into the text field identified by ``locator``.</doc>
<status status="PASS" start="2025-11-24T11:13:54.812412" elapsed="0.702117"/>
</kw>
<kw name="Input Text" owner="SeleniumLibrary">
<msg time="2025-11-24T11:13:55.515245" level="INFO">Typing text '2033' into text field 'id=year'.</msg>
<arg>id=year</arg>
<arg>2033</arg>
<doc>Types the given ``text`` into the text field identified by ``locator``.</doc>
<status status="PASS" start="2025-11-24T11:13:55.515030" elapsed="0.734152"/>
</kw>
<kw name="Click Element" owner="SeleniumLibrary">
<msg time="2025-11-24T11:13:56.253887" level="INFO">Clicking element 'xpath=//button[text()='Purchase']'.</msg>
<arg>xpath=//button[text()='Purchase']</arg>
<doc>Click the element identified by ``locator``.</doc>
<status status="PASS" start="2025-11-24T11:13:56.253256" elapsed="0.566815"/>
</kw>
<kw name="Wait Until Page Contains" owner="SeleniumLibrary">
<arg>Thank you for your purchase!</arg>
<doc>Waits until ``text`` appears on the current page.</doc>
<status status="PASS" start="2025-11-24T11:13:56.821590" elapsed="0.268940"/>
</kw>
<kw name="Sleep" owner="BuiltIn">
<msg time="2025-11-24T11:13:58.094855" level="INFO">Slept 1 second.</msg>
<arg>1s</arg>
<doc>Pauses the test executed for the given time.</doc>
<status status="PASS" start="2025-11-24T11:13:57.093995" elapsed="1.001173"/>
</kw>
<kw name="Click Element" owner="SeleniumLibrary">
<msg time="2025-11-24T11:13:58.099389" level="INFO">Clicking element 'xpath=//button[text()='OK']'.</msg>
<arg>xpath=//button[text()='OK']</arg>
<doc>Click the element identified by ``locator``.</doc>
<status status="PASS" start="2025-11-24T11:13:58.098694" elapsed="1.258615"/>
</kw>
<kw name="Sleep" owner="BuiltIn">
<msg time="2025-11-24T11:14:00.360666" level="INFO">Slept 1 second.</msg>
<arg>1s</arg>
<doc>Pauses the test executed for the given time.</doc>
<status status="PASS" start="2025-11-24T11:13:59.359626" elapsed="1.001395"/>
</kw>
<kw name="Wait Until Element Is Not Visible" owner="SeleniumLibrary">
<arg>id=orderModal</arg>
<doc>Waits until the element ``locator`` is not visible.</doc>
<status status="PASS" start="2025-11-24T11:14:00.362204" elapsed="0.240526"/>
</kw>
<status status="PASS" start="2025-11-24T11:13:40.930162" elapsed="19.675214"/>
</test>
<test id="s1-t4" name="Log Out" line="57">
<kw name="Wait Until Page Does Not Contain Element" owner="SeleniumLibrary">
<arg>xpath=//div[contains(@class, 'modal') and contains(@style, 'display: block')]</arg>
<doc>Waits until the element ``locator`` disappears from the current page.</doc>
<status status="PASS" start="2025-11-24T11:14:00.606812" elapsed="0.261412"/>
</kw>
<kw name="Sleep" owner="BuiltIn">
<msg time="2025-11-24T11:14:01.872233" level="INFO">Slept 1 second.</msg>
<arg>1s</arg>
<doc>Pauses the test executed for the given time.</doc>
<status status="PASS" start="2025-11-24T11:14:00.871256" elapsed="1.001258"/>
</kw>
<kw name="Wait Until Element Is Visible" owner="SeleniumLibrary">
<arg>id=logout2</arg>
<doc>Waits until the element ``locator`` is visible.</doc>
<status status="PASS" start="2025-11-24T11:14:01.875774" elapsed="0.484122"/>
</kw>
<kw name="Click Element" owner="SeleniumLibrary">
<msg time="2025-11-24T11:14:02.360899" level="INFO">Clicking element 'id=logout2'.</msg>
<arg>id=logout2</arg>
<doc>Click the element identified by ``locator``.</doc>
<status status="PASS" start="2025-11-24T11:14:02.360525" elapsed="1.225715"/>
</kw>
<kw name="Wait Until Element Is Visible" owner="SeleniumLibrary">
<arg>id=login2</arg>
<doc>Waits until the element ``locator`` is visible.</doc>
<status status="PASS" start="2025-11-24T11:14:03.586787" elapsed="0.509969"/>
</kw>
<status status="PASS" start="2025-11-24T11:14:00.606208" elapsed="3.491184"/>
</test>
<kw name="Close Browser" owner="SeleniumLibrary" type="TEARDOWN">
<doc>Closes the current browser.</doc>
<status status="PASS" start="2025-11-24T11:14:04.099362" elapsed="1.697580"/>
</kw>
<status status="PASS" start="2025-11-24T11:13:03.625670" elapsed="62.171454"/>
</suite>
<statistics>
<total>
<stat pass="4" fail="0" skip="0">All Tests</stat>
</total>
<tag>
</tag>
<suite>
<stat name="Demoblaze Tests" id="s1" pass="4" fail="0" skip="0">Demoblaze Tests</stat>
</suite>
</statistics>
<errors>
</errors>
</robot>
